<?xml version="1.0" encoding="UTF-8"?>
<testsuite name="TestSuite" time="52,010.128" tests="11" errors="0" skipped="0" failures="7">
  <properties>
    <property name="java.runtime.name" value="Java(TM) SE Runtime Environment"/>
    <property name="sun.boot.library.path" value="C:\Program Files\Java\jdk1.8.0_261\jre\bin"/>
    <property name="java.vm.version" value="25.261-b12"/>
    <property name="java.vm.vendor" value="Oracle Corporation"/>
    <property name="maven.multiModuleProjectDirectory" value="F:\Downloads\inetbankingV1-master\inetbankingV1-master"/>
    <property name="java.vendor.url" value="http://java.oracle.com/"/>
    <property name="path.separator" value=";"/>
    <property name="guice.disable.misplaced.annotation.check" value="true"/>
    <property name="java.vm.name" value="Java HotSpot(TM) 64-Bit Server VM"/>
    <property name="file.encoding.pkg" value="sun.io"/>
    <property name="user.script" value=""/>
    <property name="user.country" value="US"/>
    <property name="sun.java.launcher" value="SUN_STANDARD"/>
    <property name="sun.os.patch.level" value=""/>
    <property name="java.vm.specification.name" value="Java Virtual Machine Specification"/>
    <property name="user.dir" value="F:\Downloads\inetbankingV1-master\inetbankingV1-master"/>
    <property name="java.runtime.version" value="1.8.0_261-b12"/>
    <property name="java.awt.graphicsenv" value="sun.awt.Win32GraphicsEnvironment"/>
    <property name="java.endorsed.dirs" value="C:\Program Files\Java\jdk1.8.0_261\jre\lib\endorsed"/>
    <property name="os.arch" value="amd64"/>
    <property name="java.io.tmpdir" value="C:\Users\namit\AppData\Local\Temp\"/>
    <property name="line.separator" value="&#10;"/>
    <property name="java.vm.specification.vendor" value="Oracle Corporation"/>
    <property name="user.variant" value=""/>
    <property name="os.name" value="Windows 10"/>
    <property name="classworlds.conf" value="C:\Users\namit\Downloads\apache-maven-3.6.3-bin\apache-maven-3.6.3\bin\..\bin\m2.conf"/>
    <property name="sun.jnu.encoding" value="Cp1252"/>
    <property name="java.library.path" value="C:\Program Files\Java\jdk1.8.0_261\bin;C:\WINDOWS\Sun\Java\bin;C:\WINDOWS\system32;C:\WINDOWS;C:\Users\namit\AppData\Local\Android\Sdk\tools;C:\Users\namit\AppData\Local\Android\Sdk\tools\bin;C:\Users\namit\AppData\Local\Android\Sdk\platform-tools;C:\Program Files\Java\jre1.8.0_261\bin;C:\Program Files (x86)\Common Files\Oracle\Java\javapath;F:\app\OracleHomeUser1\product\12.2.0\dbhome_1\bin;F:\app\namit\virtual\product\12.2.0\dbhome_2\bin;F:\app\namit\virtual\product\12.2.0\dbhome_1\bin;F:\app\client\namit\product\12.1.0\client_1\bin;C:\WINDOWS\system32;C:\WINDOWS;C:\WINDOWS\System32\Wbem;C:\WINDOWS\System32\WindowsPowerShell\v1.0\;C:\WINDOWS\System32\OpenSSH\;C:\Users\namit\Downloads\instantclient-basiclite-windows.x64-19.6.0.0.0dbru\instantclient_19_6;C:\Program Files\Git\cmd;C:\Program Files\Java\jdk1.8.0_261\bin;C:\Users\namit\Downloads\apache-maven-3.6.3-bin\apache-maven-3.6.3\bin;JAVA_HOME%\bin;C:\Users\namit\AppData\Local\Programs\Microsoft VS Code\bin;C:\Users\namit\AppData\Local\Microsoft\WindowsApps;;."/>
    <property name="maven.conf" value="C:\Users\namit\Downloads\apache-maven-3.6.3-bin\apache-maven-3.6.3\bin\../conf"/>
    <property name="java.specification.name" value="Java Platform API Specification"/>
    <property name="java.class.version" value="52.0"/>
    <property name="sun.management.compiler" value="HotSpot 64-Bit Tiered Compilers"/>
    <property name="os.version" value="10.0"/>
    <property name="library.jansi.path" value="C:\Users\namit\Downloads\apache-maven-3.6.3-bin\apache-maven-3.6.3\bin\..\lib\jansi-native"/>
    <property name="user.home" value="C:\Users\namit"/>
    <property name="user.timezone" value="Asia/Calcutta"/>
    <property name="java.awt.printerjob" value="sun.awt.windows.WPrinterJob"/>
    <property name="java.specification.version" value="1.8"/>
    <property name="file.encoding" value="Cp1252"/>
    <property name="user.name" value="namit"/>
    <property name="java.class.path" value="C:\Users\namit\Downloads\apache-maven-3.6.3-bin\apache-maven-3.6.3\bin\..\boot\plexus-classworlds-2.6.0.jar"/>
    <property name="java.vm.specification.version" value="1.8"/>
    <property name="sun.arch.data.model" value="64"/>
    <property name="java.home" value="C:\Program Files\Java\jdk1.8.0_261\jre"/>
    <property name="sun.java.command" value="org.codehaus.plexus.classworlds.launcher.Launcher clean install"/>
    <property name="java.specification.vendor" value="Oracle Corporation"/>
    <property name="user.language" value="en"/>
    <property name="awt.toolkit" value="sun.awt.windows.WToolkit"/>
    <property name="java.vm.info" value="mixed mode"/>
    <property name="java.version" value="1.8.0_261"/>
    <property name="java.ext.dirs" value="C:\Program Files\Java\jdk1.8.0_261\jre\lib\ext;C:\WINDOWS\Sun\Java\lib\ext"/>
    <property name="sun.boot.class.path" value="C:\Program Files\Java\jdk1.8.0_261\jre\lib\resources.jar;C:\Program Files\Java\jdk1.8.0_261\jre\lib\rt.jar;C:\Program Files\Java\jdk1.8.0_261\jre\lib\sunrsasign.jar;C:\Program Files\Java\jdk1.8.0_261\jre\lib\jsse.jar;C:\Program Files\Java\jdk1.8.0_261\jre\lib\jce.jar;C:\Program Files\Java\jdk1.8.0_261\jre\lib\charsets.jar;C:\Program Files\Java\jdk1.8.0_261\jre\lib\jfr.jar;C:\Program Files\Java\jdk1.8.0_261\jre\classes"/>
    <property name="sun.stderr.encoding" value="cp437"/>
    <property name="java.vendor" value="Oracle Corporation"/>
    <property name="maven.home" value="C:\Users\namit\Downloads\apache-maven-3.6.3-bin\apache-maven-3.6.3\bin\.."/>
    <property name="file.separator" value="\"/>
    <property name="java.vendor.url.bug" value="http://bugreport.sun.com/bugreport/"/>
    <property name="sun.cpu.endian" value="little"/>
    <property name="sun.io.unicode.encoding" value="UnicodeLittle"/>
    <property name="sun.stdout.encoding" value="cp437"/>
    <property name="sun.desktop" value="windows"/>
    <property name="sun.cpu.isalist" value="amd64"/>
  </properties>
  <testcase name="test" classname="com.selEasy.testCases.Intermediate.Progress_Bar" time="54.907">
    <failure message="Expected condition failed: waiting for invisibility of Proxy element for: DefaultElementLocator &apos;By.xpath: //div[contains(@class,&apos;progress-bar&apos;)]&apos; (tried for 20 second(s) with 500 milliseconds interval)" type="org.openqa.selenium.TimeoutException">org.openqa.selenium.TimeoutException: Expected condition failed: waiting for invisibility of Proxy element for: DefaultElementLocator 'By.xpath: //div[contains(@class,'progress-bar')]' (tried for 20 second(s) with 500 milliseconds interval)
	at sun.reflect.GeneratedConstructorAccessor15.newInstance(Unknown Source)
	at sun.reflect.DelegatingConstructorAccessorImpl.newInstance(DelegatingConstructorAccessorImpl.java:45)
	at java.lang.reflect.Constructor.newInstance(Constructor.java:423)
	at org.openqa.selenium.remote.ErrorHandler.createThrowable(ErrorHandler.java:214)
	at org.openqa.selenium.remote.ErrorHandler.throwIfResponseFailed(ErrorHandler.java:166)
	at org.openqa.selenium.remote.http.JsonHttpResponseCodec.reconstructValue(JsonHttpResponseCodec.java:40)
	at org.openqa.selenium.remote.http.AbstractHttpResponseCodec.decode(AbstractHttpResponseCodec.java:80)
	at org.openqa.selenium.remote.http.AbstractHttpResponseCodec.decode(AbstractHttpResponseCodec.java:44)
	at org.openqa.selenium.remote.HttpCommandExecutor.execute(HttpCommandExecutor.java:158)
	at org.openqa.selenium.remote.service.DriverCommandExecutor.execute(DriverCommandExecutor.java:83)
	at org.openqa.selenium.remote.RemoteWebDriver.execute(RemoteWebDriver.java:548)
	at org.openqa.selenium.remote.RemoteWebDriver.findElement(RemoteWebDriver.java:322)
	at org.openqa.selenium.remote.RemoteWebDriver.findElementByXPath(RemoteWebDriver.java:424)
	at org.openqa.selenium.By$ByXPath.findElement(By.java:353)
	at org.openqa.selenium.remote.RemoteWebDriver.findElement(RemoteWebDriver.java:314)
	at org.openqa.selenium.support.pagefactory.DefaultElementLocator.findElement(DefaultElementLocator.java:69)
	at org.openqa.selenium.support.pagefactory.internal.LocatingElementHandler.invoke(LocatingElementHandler.java:38)
	at com.sun.proxy.$Proxy8.isDisplayed(Unknown Source)
	at org.openqa.selenium.support.ui.ExpectedConditions.isInvisible(ExpectedConditions.java:1405)
	at org.openqa.selenium.support.ui.ExpectedConditions.access$400(ExpectedConditions.java:44)
	at org.openqa.selenium.support.ui.ExpectedConditions$46.apply(ExpectedConditions.java:1393)
	at org.openqa.selenium.support.ui.ExpectedConditions$46.apply(ExpectedConditions.java:1389)
	at org.openqa.selenium.support.ui.FluentWait.until(FluentWait.java:260)
	at com.inetbanking.pages.Intermediate.fnFillProgressbar(Intermediate.java:142)
	at com.selEasy.testCases.Intermediate.Progress_Bar.test(Progress_Bar.java:23)
</failure>
    <system-out><![CDATA[0 [main] INFO SeleniumAutomationV1  - Launching test site
8298 [main] INFO SeleniumAutomationV1  - Validating Launch
8311 [main] INFO SeleniumAutomationV1  - Close pop up
11805 [main] INFO SeleniumAutomationV1  - Inside fnOpenForm
21719 [main] INFO SeleniumAutomationV1  - Down arrow button is clicked
27754 [main] INFO SeleniumAutomationV1  - page has been opened
]]></system-out>
    <system-err><![CDATA[Starting ChromeDriver 2.43.600210 (68dcf5eebde37173d4027fa8635e332711d2874a) on port 48038
Only local connections are allowed.
[1623588585.759][WARNING]: Timed out connecting to Chrome, retrying...
Jun 13, 2021 6:19:48 PM org.openqa.selenium.remote.ProtocolHandshake createSession
INFO: Detected dialect: OSS
[1623588590.866][WARNING]: Timed out connecting to Chrome, retrying...
]]></system-err>
  </testcase>
  <testcase name="test" classname="com.selEasy.testCases.Intermediate.Data_list_filter" time="36.299">
    <failure message="expected [false] but found [true]" type="java.lang.AssertionError">java.lang.AssertionError: expected [false] but found [true]
	at org.testng.Assert.fail(Assert.java:96)
	at org.testng.Assert.failNotEquals(Assert.java:776)
	at org.testng.Assert.assertFalse(Assert.java:65)
	at org.testng.Assert.assertFalse(Assert.java:75)
	at com.inetbanking.pages.Intermediate.fnFillDataFilter(Intermediate.java:131)
	at com.selEasy.testCases.Intermediate.Data_list_filter.test(Data_list_filter.java:23)
</failure>
    <system-out><![CDATA[64983 [main] INFO SeleniumAutomationV1  - Launching test site
64983 [main] INFO SeleniumAutomationV1  - Launching test site
70804 [main] INFO SeleniumAutomationV1  - Validating Launch
70804 [main] INFO SeleniumAutomationV1  - Validating Launch
70873 [main] INFO SeleniumAutomationV1  - Close pop up
70873 [main] INFO SeleniumAutomationV1  - Close pop up
83226 [main] INFO SeleniumAutomationV1  - Inside fnOpenForm
83226 [main] INFO SeleniumAutomationV1  - Inside fnOpenForm
92083 [main] INFO SeleniumAutomationV1  - Down arrow button is clicked
92083 [main] INFO SeleniumAutomationV1  - Down arrow button is clicked
98105 [main] INFO SeleniumAutomationV1  - page has been opened
98105 [main] INFO SeleniumAutomationV1  - page has been opened
]]></system-out>
    <system-err><![CDATA[Starting ChromeDriver 2.43.600210 (68dcf5eebde37173d4027fa8635e332711d2874a) on port 15300
Only local connections are allowed.
[1623588652.734][WARNING]: Timed out connecting to Chrome, retrying...
Jun 13, 2021 6:20:54 PM org.openqa.selenium.remote.ProtocolHandshake createSession
INFO: Detected dialect: OSS
[1623588656.797][WARNING]: Timed out connecting to Chrome, retrying...
]]></system-err>
  </testcase>
  <testcase name="test" classname="com.selEasy.testCases.Intermediate.Input_Form_with_validation" time="51,918.589"/>
  <testcase name="test" classname="com.inetbanking.testCases.Basic.BootStrap_Modal" time="0.018"/>
  <testcase name="test" classname="com.inetbanking.testCases.Basic.Check_Box_Demo" time="0.023">
    <failure message="Verify if button is changed to Uncheck All expected [true] but found [false]" type="java.lang.AssertionError">java.lang.AssertionError: Verify if button is changed to Uncheck All expected [true] but found [false]
	at org.testng.Assert.fail(Assert.java:96)
	at org.testng.Assert.failNotEquals(Assert.java:776)
	at org.testng.Assert.assertTrue(Assert.java:44)
	at com.inetbanking.pages.BasicPage.fnFillCheckBoxDemo(BasicPage.java:253)
	at com.inetbanking.testCases.Basic.Check_Box_Demo.test(Check_Box_Demo.java:23)
</failure>
    <system-out><![CDATA[213374 [main] INFO SeleniumAutomationV1  - Launching test site
213374 [main] INFO SeleniumAutomationV1  - Launching test site
213374 [main] INFO SeleniumAutomationV1  - Launching test site
213374 [main] INFO SeleniumAutomationV1  - Launching test site
213374 [main] INFO SeleniumAutomationV1  - Launching test site
218530 [main] INFO SeleniumAutomationV1  - Validating Launch
218530 [main] INFO SeleniumAutomationV1  - Validating Launch
218530 [main] INFO SeleniumAutomationV1  - Validating Launch
218530 [main] INFO SeleniumAutomationV1  - Validating Launch
218530 [main] INFO SeleniumAutomationV1  - Validating Launch
218537 [main] INFO SeleniumAutomationV1  - Close pop up
218537 [main] INFO SeleniumAutomationV1  - Close pop up
218537 [main] INFO SeleniumAutomationV1  - Close pop up
218537 [main] INFO SeleniumAutomationV1  - Close pop up
218537 [main] INFO SeleniumAutomationV1  - Close pop up
236941 [main] INFO SeleniumAutomationV1  - Opening Check Box demo
236941 [main] INFO SeleniumAutomationV1  - Opening Check Box demo
236941 [main] INFO SeleniumAutomationV1  - Opening Check Box demo
236941 [main] INFO SeleniumAutomationV1  - Opening Check Box demo
236941 [main] INFO SeleniumAutomationV1  - Opening Check Box demo
237705 [main] INFO SeleniumAutomationV1  - Down arrow button is clicked
237705 [main] INFO SeleniumAutomationV1  - Down arrow button is clicked
237705 [main] INFO SeleniumAutomationV1  - Down arrow button is clicked
237705 [main] INFO SeleniumAutomationV1  - Down arrow button is clicked
237705 [main] INFO SeleniumAutomationV1  - Down arrow button is clicked
239049 [main] INFO SeleniumAutomationV1  - Check Box demo is opened
239049 [main] INFO SeleniumAutomationV1  - Check Box demo is opened
239049 [main] INFO SeleniumAutomationV1  - Check Box demo is opened
239049 [main] INFO SeleniumAutomationV1  - Check Box demo is opened
239049 [main] INFO SeleniumAutomationV1  - Check Box demo is opened
239050 [main] INFO SeleniumAutomationV1  - Fill Check box demo
239050 [main] INFO SeleniumAutomationV1  - Fill Check box demo
239050 [main] INFO SeleniumAutomationV1  - Fill Check box demo
239050 [main] INFO SeleniumAutomationV1  - Fill Check box demo
239050 [main] INFO SeleniumAutomationV1  - Fill Check box demo
]]></system-out>
    <system-err><![CDATA[Starting ChromeDriver 2.43.600210 (68dcf5eebde37173d4027fa8635e332711d2874a) on port 30437
Only local connections are allowed.
[1623588801.129][WARNING]: Timed out connecting to Chrome, retrying...
Jun 13, 2021 6:23:23 PM org.openqa.selenium.remote.ProtocolHandshake createSession
INFO: Detected dialect: OSS
[1623588805.183][WARNING]: Timed out connecting to Chrome, retrying...
]]></system-err>
  </testcase>
  <testcase name="test" classname="com.inetbanking.testCases.Basic.Java_Scritps_Alerts" time="0.023"/>
  <testcase name="test" classname="com.inetbanking.testCases.Basic.Bootstrap_Alerts" time="0.022">
    <failure message="Expected condition failed: waiting for visibility of [[ChromeDriver: chrome on XP (924d6b11441824ff7ca94c62ee776030)] -&gt; xpath: //a[@id=&apos;at-cv-lightbox-close&apos;]] (tried for 20 second(s) with 500 milliseconds interval)&#10;Build info: version: &apos;3.14.0&apos;, revision: &apos;aacccce0&apos;, time: &apos;2018-08-02T20:19:58.91Z&apos;&#10;System info: host: &apos;NAMIT-LENOVO&apos;, ip: &apos;192.168.29.134&apos;, os.name: &apos;Windows 10&apos;, os.arch: &apos;amd64&apos;, os.version: &apos;10.0&apos;, java.version: &apos;1.8.0_261&apos;&#10;Driver info: org.openqa.selenium.chrome.ChromeDriver&#10;Capabilities {acceptInsecureCerts: false, acceptSslCerts: false, applicationCacheEnabled: false, browserConnectionEnabled: false, browserName: chrome, chrome: {chromedriverVersion: 2.43.600210 (68dcf5eebde371..., userDataDir: C:\Users\namit\AppData\Loca...}, cssSelectorsEnabled: true, databaseEnabled: false, goog:chromeOptions: {debuggerAddress: localhost:54884}, handlesAlerts: true, hasTouchScreen: false, javascriptEnabled: true, locationContextEnabled: true, mobileEmulationEnabled: false, nativeEvents: true, networkConnectionEnabled: false, pageLoadStrategy: normal, platform: XP, platformName: XP, rotatable: false, setWindowRect: true, takesHeapSnapshot: true, takesScreenshot: true, unexpectedAlertBehaviour: , unhandledPromptBehavior: , version: 91.0.4472.101, webStorageEnabled: true}&#10;Session ID: 924d6b11441824ff7ca94c62ee776030" type="org.openqa.selenium.TimeoutException">org.openqa.selenium.TimeoutException: Expected condition failed: waiting for visibility of [[ChromeDriver: chrome on XP (924d6b11441824ff7ca94c62ee776030)] -> xpath: //a[@id='at-cv-lightbox-close']] (tried for 20 second(s) with 500 milliseconds interval)
Build info: version: '3.14.0', revision: 'aacccce0', time: '2018-08-02T20:19:58.91Z'
System info: host: 'NAMIT-LENOVO', ip: '192.168.29.134', os.name: 'Windows 10', os.arch: 'amd64', os.version: '10.0', java.version: '1.8.0_261'
Driver info: org.openqa.selenium.chrome.ChromeDriver
Capabilities {acceptInsecureCerts: false, acceptSslCerts: false, applicationCacheEnabled: false, browserConnectionEnabled: false, browserName: chrome, chrome: {chromedriverVersion: 2.43.600210 (68dcf5eebde371..., userDataDir: C:\Users\namit\AppData\Loca...}, cssSelectorsEnabled: true, databaseEnabled: false, goog:chromeOptions: {debuggerAddress: localhost:54884}, handlesAlerts: true, hasTouchScreen: false, javascriptEnabled: true, locationContextEnabled: true, mobileEmulationEnabled: false, nativeEvents: true, networkConnectionEnabled: false, pageLoadStrategy: normal, platform: XP, platformName: XP, rotatable: false, setWindowRect: true, takesHeapSnapshot: true, takesScreenshot: true, unexpectedAlertBehaviour: , unhandledPromptBehavior: , version: 91.0.4472.101, webStorageEnabled: true}
Session ID: 924d6b11441824ff7ca94c62ee776030
	at org.openqa.selenium.support.ui.WebDriverWait.timeoutException(WebDriverWait.java:113)
	at org.openqa.selenium.support.ui.FluentWait.until(FluentWait.java:283)
	at com.inetbanking.pages.BasicPage.fnClosePopup(BasicPage.java:190)
	at com.inetbanking.testCases.Basic.Bootstrap_Alerts.test(Bootstrap_Alerts.java:19)
</failure>
    <system-out><![CDATA[277286 [main] INFO SeleniumAutomationV1  - Launching test site
277286 [main] INFO SeleniumAutomationV1  - Launching test site
277286 [main] INFO SeleniumAutomationV1  - Launching test site
277286 [main] INFO SeleniumAutomationV1  - Launching test site
277286 [main] INFO SeleniumAutomationV1  - Launching test site
277286 [main] INFO SeleniumAutomationV1  - Launching test site
277286 [main] INFO SeleniumAutomationV1  - Launching test site
282965 [main] INFO SeleniumAutomationV1  - Validating Launch
282965 [main] INFO SeleniumAutomationV1  - Validating Launch
282965 [main] INFO SeleniumAutomationV1  - Validating Launch
282965 [main] INFO SeleniumAutomationV1  - Validating Launch
282965 [main] INFO SeleniumAutomationV1  - Validating Launch
282965 [main] INFO SeleniumAutomationV1  - Validating Launch
282965 [main] INFO SeleniumAutomationV1  - Validating Launch
282969 [main] INFO SeleniumAutomationV1  - Close pop up
282969 [main] INFO SeleniumAutomationV1  - Close pop up
282969 [main] INFO SeleniumAutomationV1  - Close pop up
282969 [main] INFO SeleniumAutomationV1  - Close pop up
282969 [main] INFO SeleniumAutomationV1  - Close pop up
282969 [main] INFO SeleniumAutomationV1  - Close pop up
282969 [main] INFO SeleniumAutomationV1  - Close pop up
]]></system-out>
    <system-err><![CDATA[Starting ChromeDriver 2.43.600210 (68dcf5eebde37173d4027fa8635e332711d2874a) on port 7409
Only local connections are allowed.
[1623588865.053][WARNING]: Timed out connecting to Chrome, retrying...
Jun 13, 2021 6:24:27 PM org.openqa.selenium.remote.ProtocolHandshake createSession
INFO: Detected dialect: OSS
[1623588869.111][WARNING]: Timed out connecting to Chrome, retrying...
]]></system-err>
  </testcase>
  <testcase name="test" classname="com.inetbanking.testCases.Basic.Radio_Button_Demo" time="0.023">
    <failure message="Expected condition failed: waiting for visibility of [[ChromeDriver: chrome on XP (c4e675a84c3c5d53a48dbe4e4e88b145)] -&gt; xpath: //a[@id=&apos;at-cv-lightbox-close&apos;]] (tried for 20 second(s) with 500 milliseconds interval)&#10;Build info: version: &apos;3.14.0&apos;, revision: &apos;aacccce0&apos;, time: &apos;2018-08-02T20:19:58.91Z&apos;&#10;System info: host: &apos;NAMIT-LENOVO&apos;, ip: &apos;192.168.29.134&apos;, os.name: &apos;Windows 10&apos;, os.arch: &apos;amd64&apos;, os.version: &apos;10.0&apos;, java.version: &apos;1.8.0_261&apos;&#10;Driver info: org.openqa.selenium.chrome.ChromeDriver&#10;Capabilities {acceptInsecureCerts: false, acceptSslCerts: false, applicationCacheEnabled: false, browserConnectionEnabled: false, browserName: chrome, chrome: {chromedriverVersion: 2.43.600210 (68dcf5eebde371..., userDataDir: C:\Users\namit\AppData\Loca...}, cssSelectorsEnabled: true, databaseEnabled: false, goog:chromeOptions: {debuggerAddress: localhost:54450}, handlesAlerts: true, hasTouchScreen: false, javascriptEnabled: true, locationContextEnabled: true, mobileEmulationEnabled: false, nativeEvents: true, networkConnectionEnabled: false, pageLoadStrategy: normal, platform: XP, platformName: XP, rotatable: false, setWindowRect: true, takesHeapSnapshot: true, takesScreenshot: true, unexpectedAlertBehaviour: , unhandledPromptBehavior: , version: 91.0.4472.101, webStorageEnabled: true}&#10;Session ID: c4e675a84c3c5d53a48dbe4e4e88b145" type="org.openqa.selenium.TimeoutException">org.openqa.selenium.TimeoutException: Expected condition failed: waiting for visibility of [[ChromeDriver: chrome on XP (c4e675a84c3c5d53a48dbe4e4e88b145)] -> xpath: //a[@id='at-cv-lightbox-close']] (tried for 20 second(s) with 500 milliseconds interval)
Build info: version: '3.14.0', revision: 'aacccce0', time: '2018-08-02T20:19:58.91Z'
System info: host: 'NAMIT-LENOVO', ip: '192.168.29.134', os.name: 'Windows 10', os.arch: 'amd64', os.version: '10.0', java.version: '1.8.0_261'
Driver info: org.openqa.selenium.chrome.ChromeDriver
Capabilities {acceptInsecureCerts: false, acceptSslCerts: false, applicationCacheEnabled: false, browserConnectionEnabled: false, browserName: chrome, chrome: {chromedriverVersion: 2.43.600210 (68dcf5eebde371..., userDataDir: C:\Users\namit\AppData\Loca...}, cssSelectorsEnabled: true, databaseEnabled: false, goog:chromeOptions: {debuggerAddress: localhost:54450}, handlesAlerts: true, hasTouchScreen: false, javascriptEnabled: true, locationContextEnabled: true, mobileEmulationEnabled: false, nativeEvents: true, networkConnectionEnabled: false, pageLoadStrategy: normal, platform: XP, platformName: XP, rotatable: false, setWindowRect: true, takesHeapSnapshot: true, takesScreenshot: true, unexpectedAlertBehaviour: , unhandledPromptBehavior: , version: 91.0.4472.101, webStorageEnabled: true}
Session ID: c4e675a84c3c5d53a48dbe4e4e88b145
	at org.openqa.selenium.support.ui.WebDriverWait.timeoutException(WebDriverWait.java:113)
	at org.openqa.selenium.support.ui.FluentWait.until(FluentWait.java:283)
	at com.inetbanking.pages.BasicPage.fnClosePopup(BasicPage.java:190)
	at com.inetbanking.testCases.Basic.Radio_Button_Demo.test(Radio_Button_Demo.java:19)
</failure>
    <system-out><![CDATA[314166 [main] INFO SeleniumAutomationV1  - Launching test site
314166 [main] INFO SeleniumAutomationV1  - Launching test site
314166 [main] INFO SeleniumAutomationV1  - Launching test site
314166 [main] INFO SeleniumAutomationV1  - Launching test site
314166 [main] INFO SeleniumAutomationV1  - Launching test site
314166 [main] INFO SeleniumAutomationV1  - Launching test site
314166 [main] INFO SeleniumAutomationV1  - Launching test site
314166 [main] INFO SeleniumAutomationV1  - Launching test site
348215 [main] INFO SeleniumAutomationV1  - Validating Launch
348215 [main] INFO SeleniumAutomationV1  - Validating Launch
348215 [main] INFO SeleniumAutomationV1  - Validating Launch
348215 [main] INFO SeleniumAutomationV1  - Validating Launch
348215 [main] INFO SeleniumAutomationV1  - Validating Launch
348215 [main] INFO SeleniumAutomationV1  - Validating Launch
348215 [main] INFO SeleniumAutomationV1  - Validating Launch
348215 [main] INFO SeleniumAutomationV1  - Validating Launch
348223 [main] INFO SeleniumAutomationV1  - Close pop up
348223 [main] INFO SeleniumAutomationV1  - Close pop up
348223 [main] INFO SeleniumAutomationV1  - Close pop up
348223 [main] INFO SeleniumAutomationV1  - Close pop up
348223 [main] INFO SeleniumAutomationV1  - Close pop up
348223 [main] INFO SeleniumAutomationV1  - Close pop up
348223 [main] INFO SeleniumAutomationV1  - Close pop up
348223 [main] INFO SeleniumAutomationV1  - Close pop up
]]></system-out>
    <system-err><![CDATA[Starting ChromeDriver 2.43.600210 (68dcf5eebde37173d4027fa8635e332711d2874a) on port 21697
Only local connections are allowed.
[1623588901.903][WARNING]: Timed out connecting to Chrome, retrying...
Jun 13, 2021 6:25:03 PM org.openqa.selenium.remote.ProtocolHandshake createSession
INFO: Detected dialect: OSS
[1623588905.996][WARNING]: Timed out connecting to Chrome, retrying...
]]></system-err>
  </testcase>
  <testcase name="test" classname="com.inetbanking.testCases.Basic.Select_Drop_Down" time="0.038">
    <failure message="Expected condition failed: waiting for visibility of [[ChromeDriver: chrome on XP (e2932b3c4af3f4f4b6655cce7adc8b95)] -&gt; xpath: //a[@id=&apos;at-cv-lightbox-close&apos;]] (tried for 20 second(s) with 500 milliseconds interval)&#10;Build info: version: &apos;3.14.0&apos;, revision: &apos;aacccce0&apos;, time: &apos;2018-08-02T20:19:58.91Z&apos;&#10;System info: host: &apos;NAMIT-LENOVO&apos;, ip: &apos;192.168.29.134&apos;, os.name: &apos;Windows 10&apos;, os.arch: &apos;amd64&apos;, os.version: &apos;10.0&apos;, java.version: &apos;1.8.0_261&apos;&#10;Driver info: org.openqa.selenium.chrome.ChromeDriver&#10;Capabilities {acceptInsecureCerts: false, acceptSslCerts: false, applicationCacheEnabled: false, browserConnectionEnabled: false, browserName: chrome, chrome: {chromedriverVersion: 2.43.600210 (68dcf5eebde371..., userDataDir: C:\Users\namit\AppData\Loca...}, cssSelectorsEnabled: true, databaseEnabled: false, goog:chromeOptions: {debuggerAddress: localhost:59114}, handlesAlerts: true, hasTouchScreen: false, javascriptEnabled: true, locationContextEnabled: true, mobileEmulationEnabled: false, nativeEvents: true, networkConnectionEnabled: false, pageLoadStrategy: normal, platform: XP, platformName: XP, rotatable: false, setWindowRect: true, takesHeapSnapshot: true, takesScreenshot: true, unexpectedAlertBehaviour: , unhandledPromptBehavior: , version: 91.0.4472.101, webStorageEnabled: true}&#10;Session ID: e2932b3c4af3f4f4b6655cce7adc8b95" type="org.openqa.selenium.TimeoutException">org.openqa.selenium.TimeoutException: Expected condition failed: waiting for visibility of [[ChromeDriver: chrome on XP (e2932b3c4af3f4f4b6655cce7adc8b95)] -> xpath: //a[@id='at-cv-lightbox-close']] (tried for 20 second(s) with 500 milliseconds interval)
Build info: version: '3.14.0', revision: 'aacccce0', time: '2018-08-02T20:19:58.91Z'
System info: host: 'NAMIT-LENOVO', ip: '192.168.29.134', os.name: 'Windows 10', os.arch: 'amd64', os.version: '10.0', java.version: '1.8.0_261'
Driver info: org.openqa.selenium.chrome.ChromeDriver
Capabilities {acceptInsecureCerts: false, acceptSslCerts: false, applicationCacheEnabled: false, browserConnectionEnabled: false, browserName: chrome, chrome: {chromedriverVersion: 2.43.600210 (68dcf5eebde371..., userDataDir: C:\Users\namit\AppData\Loca...}, cssSelectorsEnabled: true, databaseEnabled: false, goog:chromeOptions: {debuggerAddress: localhost:59114}, handlesAlerts: true, hasTouchScreen: false, javascriptEnabled: true, locationContextEnabled: true, mobileEmulationEnabled: false, nativeEvents: true, networkConnectionEnabled: false, pageLoadStrategy: normal, platform: XP, platformName: XP, rotatable: false, setWindowRect: true, takesHeapSnapshot: true, takesScreenshot: true, unexpectedAlertBehaviour: , unhandledPromptBehavior: , version: 91.0.4472.101, webStorageEnabled: true}
Session ID: e2932b3c4af3f4f4b6655cce7adc8b95
	at org.openqa.selenium.support.ui.WebDriverWait.timeoutException(WebDriverWait.java:113)
	at org.openqa.selenium.support.ui.FluentWait.until(FluentWait.java:283)
	at com.inetbanking.pages.BasicPage.fnClosePopup(BasicPage.java:190)
	at com.inetbanking.testCases.Basic.Select_Drop_Down.test(Select_Drop_Down.java:19)
</failure>
    <system-out><![CDATA[379891 [main] INFO SeleniumAutomationV1  - Launching test site
379891 [main] INFO SeleniumAutomationV1  - Launching test site
379891 [main] INFO SeleniumAutomationV1  - Launching test site
379891 [main] INFO SeleniumAutomationV1  - Launching test site
379891 [main] INFO SeleniumAutomationV1  - Launching test site
379891 [main] INFO SeleniumAutomationV1  - Launching test site
379891 [main] INFO SeleniumAutomationV1  - Launching test site
379891 [main] INFO SeleniumAutomationV1  - Launching test site
379891 [main] INFO SeleniumAutomationV1  - Launching test site
413160 [main] INFO SeleniumAutomationV1  - Validating Launch
413160 [main] INFO SeleniumAutomationV1  - Validating Launch
413160 [main] INFO SeleniumAutomationV1  - Validating Launch
413160 [main] INFO SeleniumAutomationV1  - Validating Launch
413160 [main] INFO SeleniumAutomationV1  - Validating Launch
413160 [main] INFO SeleniumAutomationV1  - Validating Launch
413160 [main] INFO SeleniumAutomationV1  - Validating Launch
413160 [main] INFO SeleniumAutomationV1  - Validating Launch
413160 [main] INFO SeleniumAutomationV1  - Validating Launch
413166 [main] INFO SeleniumAutomationV1  - Close pop up
413166 [main] INFO SeleniumAutomationV1  - Close pop up
413166 [main] INFO SeleniumAutomationV1  - Close pop up
413166 [main] INFO SeleniumAutomationV1  - Close pop up
413166 [main] INFO SeleniumAutomationV1  - Close pop up
413166 [main] INFO SeleniumAutomationV1  - Close pop up
413166 [main] INFO SeleniumAutomationV1  - Close pop up
413166 [main] INFO SeleniumAutomationV1  - Close pop up
413166 [main] INFO SeleniumAutomationV1  - Close pop up
]]></system-out>
    <system-err><![CDATA[Starting ChromeDriver 2.43.600210 (68dcf5eebde37173d4027fa8635e332711d2874a) on port 36884
Only local connections are allowed.
[1623588967.643][WARNING]: Timed out connecting to Chrome, retrying...
Jun 13, 2021 6:26:09 PM org.openqa.selenium.remote.ProtocolHandshake createSession
INFO: Detected dialect: OSS
[1623588971.720][WARNING]: Timed out connecting to Chrome, retrying...
]]></system-err>
  </testcase>
  <testcase name="test" classname="com.inetbanking.testCases.Basic.Simple_Form_Demo" time="0.031">
    <failure message="Expected condition failed: waiting for visibility of Proxy element for: DefaultElementLocator &apos;By.xpath: //a[@id=&apos;at-cv-lightbox-close&apos;]&apos; (tried for 20 second(s) with 500 milliseconds interval)" type="org.openqa.selenium.TimeoutException">org.openqa.selenium.TimeoutException: Expected condition failed: waiting for visibility of Proxy element for: DefaultElementLocator 'By.xpath: //a[@id='at-cv-lightbox-close']' (tried for 20 second(s) with 500 milliseconds interval)
	at sun.reflect.GeneratedConstructorAccessor15.newInstance(Unknown Source)
	at sun.reflect.DelegatingConstructorAccessorImpl.newInstance(DelegatingConstructorAccessorImpl.java:45)
	at java.lang.reflect.Constructor.newInstance(Constructor.java:423)
	at org.openqa.selenium.remote.ErrorHandler.createThrowable(ErrorHandler.java:214)
	at org.openqa.selenium.remote.ErrorHandler.throwIfResponseFailed(ErrorHandler.java:166)
	at org.openqa.selenium.remote.http.JsonHttpResponseCodec.reconstructValue(JsonHttpResponseCodec.java:40)
	at org.openqa.selenium.remote.http.AbstractHttpResponseCodec.decode(AbstractHttpResponseCodec.java:80)
	at org.openqa.selenium.remote.http.AbstractHttpResponseCodec.decode(AbstractHttpResponseCodec.java:44)
	at org.openqa.selenium.remote.HttpCommandExecutor.execute(HttpCommandExecutor.java:158)
	at org.openqa.selenium.remote.service.DriverCommandExecutor.execute(DriverCommandExecutor.java:83)
	at org.openqa.selenium.remote.RemoteWebDriver.execute(RemoteWebDriver.java:548)
	at org.openqa.selenium.remote.RemoteWebDriver.findElement(RemoteWebDriver.java:322)
	at org.openqa.selenium.remote.RemoteWebDriver.findElementByXPath(RemoteWebDriver.java:424)
	at org.openqa.selenium.By$ByXPath.findElement(By.java:353)
	at org.openqa.selenium.remote.RemoteWebDriver.findElement(RemoteWebDriver.java:314)
	at org.openqa.selenium.support.pagefactory.DefaultElementLocator.findElement(DefaultElementLocator.java:69)
	at org.openqa.selenium.support.pagefactory.internal.LocatingElementHandler.invoke(LocatingElementHandler.java:38)
	at com.sun.proxy.$Proxy8.isDisplayed(Unknown Source)
	at org.openqa.selenium.support.ui.ExpectedConditions.elementIfVisible(ExpectedConditions.java:315)
	at org.openqa.selenium.support.ui.ExpectedConditions.access$100(ExpectedConditions.java:44)
	at org.openqa.selenium.support.ui.ExpectedConditions$10.apply(ExpectedConditions.java:301)
	at org.openqa.selenium.support.ui.ExpectedConditions$10.apply(ExpectedConditions.java:298)
	at org.openqa.selenium.support.ui.FluentWait.until(FluentWait.java:260)
	at com.inetbanking.pages.BasicPage.fnClosePopup(BasicPage.java:190)
	at com.inetbanking.testCases.Basic.Simple_Form_Demo.test(Simple_Form_Demo.java:18)
</failure>
    <system-out><![CDATA[450560 [main] INFO SeleniumAutomationV1  - Launching test site
450560 [main] INFO SeleniumAutomationV1  - Launching test site
450560 [main] INFO SeleniumAutomationV1  - Launching test site
450560 [main] INFO SeleniumAutomationV1  - Launching test site
450560 [main] INFO SeleniumAutomationV1  - Launching test site
450560 [main] INFO SeleniumAutomationV1  - Launching test site
450560 [main] INFO SeleniumAutomationV1  - Launching test site
450560 [main] INFO SeleniumAutomationV1  - Launching test site
450560 [main] INFO SeleniumAutomationV1  - Launching test site
450560 [main] INFO SeleniumAutomationV1  - Launching test site
655639 [main] INFO SeleniumAutomationV1  - Validating Launch
655639 [main] INFO SeleniumAutomationV1  - Validating Launch
655639 [main] INFO SeleniumAutomationV1  - Validating Launch
655639 [main] INFO SeleniumAutomationV1  - Validating Launch
655639 [main] INFO SeleniumAutomationV1  - Validating Launch
655639 [main] INFO SeleniumAutomationV1  - Validating Launch
655639 [main] INFO SeleniumAutomationV1  - Validating Launch
655639 [main] INFO SeleniumAutomationV1  - Validating Launch
655639 [main] INFO SeleniumAutomationV1  - Validating Launch
655639 [main] INFO SeleniumAutomationV1  - Validating Launch
655647 [main] INFO SeleniumAutomationV1  - Close pop up
655647 [main] INFO SeleniumAutomationV1  - Close pop up
655647 [main] INFO SeleniumAutomationV1  - Close pop up
655647 [main] INFO SeleniumAutomationV1  - Close pop up
655647 [main] INFO SeleniumAutomationV1  - Close pop up
655647 [main] INFO SeleniumAutomationV1  - Close pop up
655647 [main] INFO SeleniumAutomationV1  - Close pop up
655647 [main] INFO SeleniumAutomationV1  - Close pop up
655647 [main] INFO SeleniumAutomationV1  - Close pop up
655647 [main] INFO SeleniumAutomationV1  - Close pop up
]]></system-out>
    <system-err><![CDATA[Starting ChromeDriver 2.43.600210 (68dcf5eebde37173d4027fa8635e332711d2874a) on port 41630
Only local connections are allowed.
[1623589038.275][WARNING]: Timed out connecting to Chrome, retrying...
Jun 13, 2021 6:27:20 PM org.openqa.selenium.remote.ProtocolHandshake createSession
INFO: Detected dialect: OSS
[1623589042.361][WARNING]: Timed out connecting to Chrome, retrying...
]]></system-err>
  </testcase>
  <testcase name="test" classname="com.inetbanking.testCases.Basic.WindowsPopup" time="0.155"/>
</testsuite>