<!DOCTYPE html PUBLIC "-//W3C//DTD XHTML 1.1//EN" "http://www.w3.org/TR/xhtml11/DTD/xhtml11.dtd">
<html xmlns="http://www.w3.org/1999/xhtml">
<head>
<meta http-equiv="content-type" content="text/html; charset=UTF-8"/>
<title>TestNG Report</title>
<style type="text/css">table {margin-bottom:10px;border-collapse:collapse;empty-cells:show}th,td {border:1px solid #009;padding:.25em .5em}th {vertical-align:bottom}td {vertical-align:top}table a {font-weight:bold}.stripe td {background-color: #E6EBF9}.num {text-align:right}.passedodd td {background-color: #3F3}.passedeven td {background-color: #0A0}.skippedodd td {background-color: #DDD}.skippedeven td {background-color: #CCC}.failedodd td,.attn {background-color: #F33}.failedeven td,.stripe .attn {background-color: #D00}.stacktrace {white-space:pre;font-family:monospace}.totop {font-size:85%;text-align:center;border-bottom:2px solid #000}.invisible {display:none}</style>
</head>
<body>
<table>
<tr><th>Test</th><th># Passed</th><th># Skipped</th><th># Failed</th><th>Time (ms)</th><th>Included Groups</th><th>Excluded Groups</th></tr>
<tr><th colspan="7">InetBankingV1</th></tr>
<tr><td><a href="#t0">BankingApp Test</a></td><td class="num">8</td><td class="num">0</td><td class="num attn">3</td><td class="num">323,350</td><td></td><td></td></tr>
</table>
<table id='summary'><thead><tr><th>Class</th><th>Method</th><th>Start</th><th>Time (ms)</th></tr></thead><tbody><tr><th colspan="4">InetBankingV1</th></tr></tbody><tbody id="t0"><tr><th colspan="4">BankingApp Test &#8212; failed</th></tr><tr class="failedeven"><td rowspan="1">com.inetbanking.testCases.Basic.Check_Box_Demo</td><td><a href="#m0">test</a></td><td rowspan="1">1623582352615</td><td rowspan="1">7456</td></tr><tr class="failedodd"><td rowspan="1">com.inetbanking.testCases.Basic.Select_Drop_Down</td><td><a href="#m1">test</a></td><td rowspan="1">1623582438260</td><td rowspan="1">13030</td></tr><tr class="failedeven"><td rowspan="1">com.inetbanking.testCases.Basic.Simple_Form_Demo</td><td><a href="#m2">test</a></td><td rowspan="1">1623582461877</td><td rowspan="1">25380</td></tr><tr><th colspan="4">BankingApp Test &#8212; passed</th></tr><tr class="passedeven"><td rowspan="1">com.inetbanking.testCases.Basic.BootStrap_Modal</td><td><a href="#m3">test</a></td><td rowspan="1">1623582317554</td><td rowspan="1">24513</td></tr><tr class="passedodd"><td rowspan="1">com.inetbanking.testCases.Basic.Bootstrap_Alerts</td><td><a href="#m4">test</a></td><td rowspan="1">1623582403364</td><td rowspan="1">5874</td></tr><tr class="passedeven"><td rowspan="1">com.inetbanking.testCases.Basic.Java_Scritps_Alerts</td><td><a href="#m5">test</a></td><td rowspan="1">1623582371071</td><td rowspan="1">21874</td></tr><tr class="passedodd"><td rowspan="1">com.inetbanking.testCases.Basic.Radio_Button_Demo</td><td><a href="#m6">test</a></td><td rowspan="1">1623582420019</td><td rowspan="1">7665</td></tr><tr class="passedeven"><td rowspan="1">com.inetbanking.testCases.Basic.WindowsPopup</td><td><a href="#m7">test</a></td><td rowspan="1">1623582498005</td><td rowspan="1">29860</td></tr><tr class="passedodd"><td rowspan="1">com.selEasy.testCases.Intermediate.Data_list_filter</td><td><a href="#m8">test</a></td><td rowspan="1">1623582247831</td><td rowspan="1">26115</td></tr><tr class="passedeven"><td rowspan="1">com.selEasy.testCases.Intermediate.Input_Form_with_validation</td><td><a href="#m9">test</a></td><td rowspan="1">1623582284778</td><td rowspan="1">22284</td></tr><tr class="passedodd"><td rowspan="1">com.selEasy.testCases.Intermediate.Progress_Bar</td><td><a href="#m10">test</a></td><td rowspan="1">1623582216826</td><td rowspan="1">20021</td></tr></tbody>
</table>
<h2>BankingApp Test</h2><h3 id="m0">com.inetbanking.testCases.Basic.Check_Box_Demo#test</h3><table class="result"><tr><th>Exception</th></tr><tr><td><div class="stacktrace">java.lang.AssertionError: Verify if button is changed to Uncheck All expected [true] but found [false]
	at com.inetbanking.pages.BasicPage.fnFillCheckBoxDemo(BasicPage.java:253)
	at com.inetbanking.testCases.Basic.Check_Box_Demo.test(Check_Box_Demo.java:23)
... Removed 28 stack frames</div></td></tr></table><p class="totop"><a href="#summary">back to summary</a></p>
<h3 id="m1">com.inetbanking.testCases.Basic.Select_Drop_Down#test</h3><table class="result"><tr><th>Exception</th></tr><tr><td><div class="stacktrace">org.openqa.selenium.NoSuchElementException: no such element: Unable to locate element: {&quot;method&quot;:&quot;xpath&quot;,&quot;selector&quot;:&quot;//p[contains(text(),&apos;Options&apos;)]&quot;}
  (Session info: chrome=91.0.4472.101)
  (Driver info: chromedriver=2.43.600210 (68dcf5eebde37173d4027fa8635e332711d2874a),platform=Windows NT 10.0.19042 x86_64) (WARNING: The server did not provide any stacktrace information)
Command duration or timeout: 0 milliseconds
For documentation on this error, please visit: http://seleniumhq.org/exceptions/no_such_element.html
Build info: version: &apos;3.14.0&apos;, revision: &apos;aacccce0&apos;, time: &apos;2018-08-02T20:19:58.91Z&apos;
System info: host: &apos;NAMIT-LENOVO&apos;, ip: &apos;192.168.29.134&apos;, os.name: &apos;Windows 10&apos;, os.arch: &apos;amd64&apos;, os.version: &apos;10.0&apos;, java.version: &apos;15.0.2&apos;
Driver info: org.openqa.selenium.chrome.ChromeDriver
Capabilities {acceptInsecureCerts: false, acceptSslCerts: false, applicationCacheEnabled: false, browserConnectionEnabled: false, browserName: chrome, chrome: {chromedriverVersion: 2.43.600210 (68dcf5eebde371..., userDataDir: C:\Users\namit\AppData\Loca...}, cssSelectorsEnabled: true, databaseEnabled: false, goog:chromeOptions: {debuggerAddress: localhost:57372}, handlesAlerts: true, hasTouchScreen: false, javascriptEnabled: true, locationContextEnabled: true, mobileEmulationEnabled: false, nativeEvents: true, networkConnectionEnabled: false, pageLoadStrategy: normal, platform: XP, platformName: XP, rotatable: false, setWindowRect: true, takesHeapSnapshot: true, takesScreenshot: true, unexpectedAlertBehaviour: , unhandledPromptBehavior: , version: 91.0.4472.101, webStorageEnabled: true}
Session ID: 8c6445f58958d06547ff02fde77e798e
*** Element info: {Using=xpath, value=//p[contains(text(),&apos;Options&apos;)]}
	at org.openqa.selenium.remote.ErrorHandler.createThrowable(ErrorHandler.java:214)
	at org.openqa.selenium.remote.ErrorHandler.throwIfResponseFailed(ErrorHandler.java:166)
	at org.openqa.selenium.remote.http.JsonHttpResponseCodec.reconstructValue(JsonHttpResponseCodec.java:40)
	at org.openqa.selenium.remote.http.AbstractHttpResponseCodec.decode(AbstractHttpResponseCodec.java:80)
	at org.openqa.selenium.remote.http.AbstractHttpResponseCodec.decode(AbstractHttpResponseCodec.java:44)
	at org.openqa.selenium.remote.HttpCommandExecutor.execute(HttpCommandExecutor.java:158)
	at org.openqa.selenium.remote.service.DriverCommandExecutor.execute(DriverCommandExecutor.java:83)
	at org.openqa.selenium.remote.RemoteWebDriver.execute(RemoteWebDriver.java:548)
	at org.openqa.selenium.remote.RemoteWebDriver.findElement(RemoteWebDriver.java:322)
	at org.openqa.selenium.remote.RemoteWebDriver.findElementByXPath(RemoteWebDriver.java:424)
	at org.openqa.selenium.By$ByXPath.findElement(By.java:353)
	at org.openqa.selenium.remote.RemoteWebDriver.findElement(RemoteWebDriver.java:314)
	at org.openqa.selenium.support.pagefactory.DefaultElementLocator.findElement(DefaultElementLocator.java:69)
	at org.openqa.selenium.support.pagefactory.internal.LocatingElementHandler.invoke(LocatingElementHandler.java:38)
	at com.sun.proxy.$Proxy14.getText(Unknown Source)
	at com.inetbanking.pages.BasicPage.fnFillDropDown(BasicPage.java:306)
	at com.inetbanking.testCases.Basic.Select_Drop_Down.test(Select_Drop_Down.java:23)
... Removed 30 stack frames</div></td></tr></table><p class="totop"><a href="#summary">back to summary</a></p>
<h3 id="m2">com.inetbanking.testCases.Basic.Simple_Form_Demo#test</h3><table class="result"><tr><th>Exception</th></tr><tr><td><div class="stacktrace">org.openqa.selenium.TimeoutException: Expected condition failed: waiting for visibility of [[ChromeDriver: chrome on XP (ebff4fe1a4b3eee855f42f8bc599e5c7)] -&gt; xpath: //div[@class=&apos;list-group&apos;]//a[text()=&apos;Input Form with Validations&apos;]] (tried for 20 second(s) with 500 milliseconds interval)
Build info: version: &apos;3.14.0&apos;, revision: &apos;aacccce0&apos;, time: &apos;2018-08-02T20:19:58.91Z&apos;
System info: host: &apos;NAMIT-LENOVO&apos;, ip: &apos;192.168.29.134&apos;, os.name: &apos;Windows 10&apos;, os.arch: &apos;amd64&apos;, os.version: &apos;10.0&apos;, java.version: &apos;15.0.2&apos;
Driver info: org.openqa.selenium.chrome.ChromeDriver
Capabilities {acceptInsecureCerts: false, acceptSslCerts: false, applicationCacheEnabled: false, browserConnectionEnabled: false, browserName: chrome, chrome: {chromedriverVersion: 2.43.600210 (68dcf5eebde371..., userDataDir: C:\Users\namit\AppData\Loca...}, cssSelectorsEnabled: true, databaseEnabled: false, goog:chromeOptions: {debuggerAddress: localhost:58771}, handlesAlerts: true, hasTouchScreen: false, javascriptEnabled: true, locationContextEnabled: true, mobileEmulationEnabled: false, nativeEvents: true, networkConnectionEnabled: false, pageLoadStrategy: normal, platform: XP, platformName: XP, rotatable: false, setWindowRect: true, takesHeapSnapshot: true, takesScreenshot: true, unexpectedAlertBehaviour: , unhandledPromptBehavior: , version: 91.0.4472.101, webStorageEnabled: true}
Session ID: ebff4fe1a4b3eee855f42f8bc599e5c7
	at org.openqa.selenium.support.ui.WebDriverWait.timeoutException(WebDriverWait.java:113)
	at org.openqa.selenium.support.ui.FluentWait.until(FluentWait.java:283)
	at com.inetbanking.pages.BasicPage.fnOpenForm(BasicPage.java:203)
	at com.inetbanking.testCases.Basic.Simple_Form_Demo.test(Simple_Form_Demo.java:20)
... Removed 25 stack frames</div></td></tr></table><p class="totop"><a href="#summary">back to summary</a></p>
<h3 id="m3">com.inetbanking.testCases.Basic.BootStrap_Modal#test</h3><table class="result"><tr><th class="invisible"/></tr></table><p class="totop"><a href="#summary">back to summary</a></p>
<h3 id="m4">com.inetbanking.testCases.Basic.Bootstrap_Alerts#test</h3><table class="result"><tr><th class="invisible"/></tr></table><p class="totop"><a href="#summary">back to summary</a></p>
<h3 id="m5">com.inetbanking.testCases.Basic.Java_Scritps_Alerts#test</h3><table class="result"><tr><th class="invisible"/></tr></table><p class="totop"><a href="#summary">back to summary</a></p>
<h3 id="m6">com.inetbanking.testCases.Basic.Radio_Button_Demo#test</h3><table class="result"><tr><th class="invisible"/></tr></table><p class="totop"><a href="#summary">back to summary</a></p>
<h3 id="m7">com.inetbanking.testCases.Basic.WindowsPopup#test</h3><table class="result"><tr><th class="invisible"/></tr></table><p class="totop"><a href="#summary">back to summary</a></p>
<h3 id="m8">com.selEasy.testCases.Intermediate.Data_list_filter#test</h3><table class="result"><tr><th class="invisible"/></tr></table><p class="totop"><a href="#summary">back to summary</a></p>
<h3 id="m9">com.selEasy.testCases.Intermediate.Input_Form_with_validation#test</h3><table class="result"><tr><th class="invisible"/></tr></table><p class="totop"><a href="#summary">back to summary</a></p>
<h3 id="m10">com.selEasy.testCases.Intermediate.Progress_Bar#test</h3><table class="result"><tr><th class="invisible"/></tr></table><p class="totop"><a href="#summary">back to summary</a></p>
</body>
</html>
